<?xml version="1.0" encoding="UTF-8"?>
<testsuite name="com.trenako.FirstSpecification" tests="1" skipped="0" failures="0" errors="0" timestamp="2021-06-05T05:56:11" hostname="midori" time="0.152">
  <properties/>
  <testcase name="test it works" classname="com.trenako.FirstSpecification" time="0.152"/>
  <system-out><![CDATA[?[36m07:56:10.808?[0;39m ?[1;30m[Test worker]?[0;39m ?[34mINFO ?[0;39m ?[35mi.m.context.env.DefaultEnvironment?[0;39m - Established active environments: [test]
]]></system-out>
  <system-err><![CDATA[]]></system-err>
</testsuite>
